<?xml version="1.0" encoding="UTF-8"?>
<!-- Generated by org.testng.reporters.JUnitXMLReporter -->
<testsuite ignored="0" hostname="DESKTOP-E181M8T" failures="0" tests="2" name="chrome browser" time="131.65" errors="0" timestamp="2024-06-16T21:40:58 ICT">
  <testcase classname="testcases.Account_test" name="@BeforeClass openBrowser" time="131.217">
    <failure type="org.openqa.selenium.TimeoutException" message="Expected condition failed: waiting for visibility of element located by By.xpath: //button[@class=&amp;apos;btn notice-btn btn-none btn-block&amp;apos;] |  //*[@id=&amp;quot;notice-modal___BV_modal_body_&amp;quot;]/div/button | //*[@id=&amp;quot;notice-modal___BV_modal_body_&amp;quot;]/div/button (tried for 40 second(s) with 500 milliseconds interval)">
      <![CDATA[org.openqa.selenium.TimeoutException: Expected condition failed: waiting for visibility of element located by By.xpath: //button[@class='btn notice-btn btn-none btn-block'] |  //*[@id="notice-modal___BV_modal_body_"]/div/button | //*[@id="notice-modal___BV_modal_body_"]/div/button (tried for 40 second(s) with 500 milliseconds interval)
at org.openqa.selenium.support.ui.WebDriverWait.timeoutException(WebDriverWait.java:84)
at org.openqa.selenium.support.ui.FluentWait.until(FluentWait.java:230)
at pages.HomePage.redirectToOTPField(HomePage.java:86)
at testcases.Account_test.openBrowser(Account_test.java:34)
at java.base/java.util.ArrayList.forEach(ArrayList.java:1541)
Caused by: org.openqa.selenium.NoSuchWindowException: no such window: target window already closed
from unknown error: web view not found
  (Session info: chrome=126.0.6478.61)
Build info: version: '4.12.0', revision: '249f2a7d1b*'
System info: os.name: 'Windows 10', os.arch: 'amd64', os.version: '10.0', java.version: '11.0.23'
Driver info: org.openqa.selenium.chrome.ChromeDriver
Command: [4c074e19b6a9ee922cddbf02f5c3016e, findElement {using=xpath, value=//button[@class='btn notice-btn btn-none btn-block'] |  //*[@id="notice-modal___BV_modal_body_"]/div/button | //*[@id="notice-modal___BV_modal_body_"]/div/button}]
Capabilities {acceptInsecureCerts: false, browserName: chrome, browserVersion: 126.0.6478.61, chrome: {chromedriverVersion: 126.0.6478.61 (8dc092df54ce..., userDataDir: C:\Users\84879\AppData\Loca...}, fedcm:accounts: true, goog:chromeOptions: {debuggerAddress: localhost:49785}, networkConnectionEnabled: false, pageLoadStrategy: normal, platformName: windows, proxy: Proxy(), setWindowRect: true, strictFileInteractability: false, timeouts: {implicit: 0, pageLoad: 300000, script: 30000}, unhandledPromptBehavior: dismiss and notify, webauthn:extension:credBlob: true, webauthn:extension:largeBlob: true, webauthn:extension:minPinLength: true, webauthn:extension:prf: true, webauthn:virtualAuthenticators: true}
Session ID: 4c074e19b6a9ee922cddbf02f5c3016e
at org.openqa.selenium.remote.codec.w3c.W3CHttpResponseCodec.createException(W3CHttpResponseCodec.java:200)
at org.openqa.selenium.remote.codec.w3c.W3CHttpResponseCodec.decode(W3CHttpResponseCodec.java:133)
at org.openqa.selenium.remote.codec.w3c.W3CHttpResponseCodec.decode(W3CHttpResponseCodec.java:52)
at org.openqa.selenium.remote.HttpCommandExecutor.execute(HttpCommandExecutor.java:191)
at org.openqa.selenium.remote.service.DriverCommandExecutor.invokeExecute(DriverCommandExecutor.java:196)
at org.openqa.selenium.remote.service.DriverCommandExecutor.execute(DriverCommandExecutor.java:171)
at org.openqa.selenium.remote.RemoteWebDriver.execute(RemoteWebDriver.java:602)
at org.openqa.selenium.remote.ElementLocation$ElementFinder$2.findElement(ElementLocation.java:165)
at org.openqa.selenium.remote.ElementLocation.findElement(ElementLocation.java:59)
at org.openqa.selenium.remote.RemoteWebDriver.findElement(RemoteWebDriver.java:359)
at org.openqa.selenium.remote.RemoteWebDriver.findElement(RemoteWebDriver.java:353)
at org.openqa.selenium.support.ui.ExpectedConditions$7.apply(ExpectedConditions.java:194)
at org.openqa.selenium.support.ui.ExpectedConditions$7.apply(ExpectedConditions.java:190)
at org.openqa.selenium.support.ui.FluentWait.until(FluentWait.java:205)
... 32 more
... Removed 32 stack frames]]>
    </failure>
  </testcase> <!-- @BeforeClass openBrowser -->
  <testcase classname="testcases.Account_test" name="verifyRedirectToThongTinCaNhanSuccess" time="0.0">
    <skipped/>
  </testcase> <!-- verifyRedirectToThongTinCaNhanSuccess -->
  <testcase classname="testcases.Account_test" name="verifyUpdateHoSoAfterChangeBirthdaySuccess" time="0.0">
    <skipped/>
  </testcase> <!-- verifyUpdateHoSoAfterChangeBirthdaySuccess -->
</testsuite> <!-- chrome browser -->
